# JRE version: Java(TM) SE Runtime Environment (18.0.1.1+2) (build 18.0.1.1+2-6)
# Java VM: Java HotSpot(TM) 64-Bit Server VM (18.0.1.1+2-6, mixed mode, sharing, tiered, compressed oops, compressed class ptrs, g1 gc, windows-amd64)
GC Precious Log:
 CardTable entry size: 512
 Card Set container configuration: InlinePtr #cards 5 size 8 Array Of Cards #cards 12 size 40 Howl #buckets 4 coarsen threshold 1843 Howl Bitmap #cards 512 size 80 coarsen threshold 460 Card regions per heap region 1 cards per card region 2048
 CPUs: 4 total, 4 available
 Memory: 4001M
 Large Page Support: Disabled
 NUMA Support: Disabled
 Compressed Oops: Enabled (32-bit)
 Heap Region Size: 1M
 Heap Min Capacity: 8M
 Heap Initial Capacity: 64M
 Heap Max Capacity: 1536M
 Pre-touch: Disabled
 Parallel Workers: 4
 Concurrent Workers: 1
 Concurrent Refinement Workers: 4
 Periodic GC: Disabled
Heap:
 garbage-first heap   total 112640K, used 44816K [0x00000000a0000000, 0x0000000100000000)
  region size 1024K, 16 young (16384K), 8 survivors (8192K)
 Metaspace       used 43480K, committed 44800K, reserved 1114112K
  class space    used 6025K, committed 6720K, reserved 1048576K
GC Heap History (20 events):
Event: 27.184 GC heap before
{Heap before GC invocations=4 (full 0):
 garbage-first heap   total 65536K, used 41559K [0x00000000a0000000, 0x0000000100000000)
  region size 1024K, 29 young (29696K), 5 survivors (5120K)
 Metaspace       used 15428K, committed 16000K, reserved 1114112K
  class space    used 2201K, committed 2496K, reserved 1048576K
}
Event: 27.197 GC heap after
{Heap after GC invocations=5 (full 0):
 garbage-first heap   total 65536K, used 18745K [0x00000000a0000000, 0x0000000100000000)
  region size 1024K, 2 young (2048K), 2 survivors (2048K)
 Metaspace       used 15428K, committed 16000K, reserved 1114112K
  class space    used 2201K, committed 2496K, reserved 1048576K
}
Event: 30.214 GC heap before
{Heap before GC invocations=5 (full 0):
 garbage-first heap   total 65536K, used 44345K [0x00000000a0000000, 0x0000000100000000)
  region size 1024K, 27 young (27648K), 2 survivors (2048K)
 Metaspace       used 19705K, committed 20416K, reserved 1114112K
  class space    used 2894K, committed 3264K, reserved 1048576K
}
Event: 30.284 GC heap after
{Heap after GC invocations=6 (full 0):
 garbage-first heap   total 65536K, used 20635K [0x00000000a0000000, 0x0000000100000000)
  region size 1024K, 4 young (4096K), 4 survivors (4096K)
 Metaspace       used 19705K, committed 20416K, reserved 1114112K
  class space    used 2894K, committed 3264K, reserved 1048576K
}
Event: 31.147 GC heap before
{Heap before GC invocations=6 (full 0):
 garbage-first heap   total 65536K, used 26779K [0x00000000a0000000, 0x0000000100000000)
  region size 1024K, 12 young (12288K), 4 survivors (4096K)
 Metaspace       used 20879K, committed 21504K, reserved 1114112K
  class space    used 3019K, committed 3328K, reserved 1048576K
}
Event: 31.164 GC heap after
{Heap after GC invocations=7 (full 0):
 garbage-first heap   total 65536K, used 23863K [0x00000000a0000000, 0x0000000100000000)
  region size 1024K, 4 young (4096K), 4 survivors (4096K)
 Metaspace       used 20879K, committed 21504K, reserved 1114112K
  class space    used 3019K, committed 3328K, reserved 1048576K
}
Event: 32.549 GC heap before
{Heap before GC invocations=8 (full 0):
 garbage-first heap   total 65536K, used 46391K [0x00000000a0000000, 0x0000000100000000)
  region size 1024K, 26 young (26624K), 4 survivors (4096K)
 Metaspace       used 24162K, committed 25024K, reserved 1114112K
  class space    used 3517K, committed 3968K, reserved 1048576K
}
Event: 32.562 GC heap after
{Heap after GC invocations=9 (full 0):
 garbage-first heap   total 65536K, used 24093K [0x00000000a0000000, 0x0000000100000000)
  region size 1024K, 2 young (2048K), 2 survivors (2048K)
 Metaspace       used 24162K, committed 25024K, reserved 1114112K
  class space    used 3517K, committed 3968K, reserved 1048576K
}
Event: 32.596 GC heap before
{Heap before GC invocations=9 (full 0):
 garbage-first heap   total 65536K, used 25117K [0x00000000a0000000, 0x0000000100000000)
  region size 1024K, 3 young (3072K), 2 survivors (2048K)
 Metaspace       used 24277K, committed 25152K, reserved 1114112K
  class space    used 3537K, committed 3968K, reserved 1048576K
}
Event: 32.606 GC heap after
{Heap after GC invocations=10 (full 0):
 garbage-first heap   total 65536K, used 23993K [0x00000000a0000000, 0x0000000100000000)
  region size 1024K, 1 young (1024K), 1 survivors (1024K)
 Metaspace       used 24277K, committed 25152K, reserved 1114112K
  class space    used 3537K, committed 3968K, reserved 1048576K
}
Event: 33.840 GC heap before
{Heap before GC invocations=10 (full 0):
 garbage-first heap   total 65536K, used 45497K [0x00000000a0000000, 0x0000000100000000)
  region size 1024K, 23 young (23552K), 1 survivors (1024K)
 Metaspace       used 27341K, committed 28416K, reserved 1114112K
  class space    used 4017K, committed 4544K, reserved 1048576K
}
Event: 33.846 GC heap after
{Heap after GC invocations=11 (full 0):
 garbage-first heap   total 65536K, used 24863K [0x00000000a0000000, 0x0000000100000000)
  region size 1024K, 2 young (2048K), 2 survivors (2048K)
 Metaspace       used 27341K, committed 28416K, reserved 1114112K
  class space    used 4017K, committed 4544K, reserved 1048576K
}
Event: 35.046 GC heap before
{Heap before GC invocations=11 (full 0):
 garbage-first heap   total 65536K, used 47391K [0x00000000a0000000, 0x0000000100000000)
  region size 1024K, 24 young (24576K), 2 survivors (2048K)
 Metaspace       used 29793K, committed 30912K, reserved 1114112K
  class space    used 4270K, committed 4864K, reserved 1048576K
}
Event: 35.064 GC heap after
{Heap after GC invocations=12 (full 0):
 garbage-first heap   total 65536K, used 27386K [0x00000000a0000000, 0x0000000100000000)
  region size 1024K, 3 young (3072K), 3 survivors (3072K)
 Metaspace       used 29793K, committed 30912K, reserved 1114112K
  class space    used 4270K, committed 4864K, reserved 1048576K
}
Event: 35.634 GC heap before
{Heap before GC invocations=12 (full 0):
 garbage-first heap   total 65536K, used 48890K [0x00000000a0000000, 0x0000000100000000)
  region size 1024K, 25 young (25600K), 3 survivors (3072K)
 Metaspace       used 32402K, committed 33472K, reserved 1114112K
  class space    used 4709K, committed 5248K, reserved 1048576K
}
Event: 35.664 GC heap after
{Heap after GC invocations=13 (full 0):
 garbage-first heap   total 116736K, used 29262K [0x00000000a0000000, 0x0000000100000000)
  region size 1024K, 4 young (4096K), 4 survivors (4096K)
 Metaspace       used 32402K, committed 33472K, reserved 1114112K
  class space    used 4709K, committed 5248K, reserved 1048576K
}
Event: 36.608 GC heap before
{Heap before GC invocations=13 (full 0):
 garbage-first heap   total 116736K, used 46670K [0x00000000a0000000, 0x0000000100000000)
  region size 1024K, 22 young (22528K), 4 survivors (4096K)
 Metaspace       used 35329K, committed 36416K, reserved 1114112K
  class space    used 5033K, committed 5632K, reserved 1048576K
}
Event: 36.672 GC heap after
{Heap after GC invocations=14 (full 0):
 garbage-first heap   total 116736K, used 31155K [0x00000000a0000000, 0x0000000100000000)
  region size 1024K, 4 young (4096K), 4 survivors (4096K)
 Metaspace       used 35329K, committed 36416K, reserved 1114112K
  class space    used 5033K, committed 5632K, reserved 1048576K
}
Event: 41.366 GC heap before
{Heap before GC invocations=15 (full 0):
 garbage-first heap   total 112640K, used 87475K [0x00000000a0000000, 0x0000000100000000)
  region size 1024K, 57 young (58368K), 4 survivors (4096K)
 Metaspace       used 42565K, committed 43840K, reserved 1114112K
  class space    used 5916K, committed 6592K, reserved 1048576K
}
Event: 41.458 GC heap after
{Heap after GC invocations=16 (full 0):
 garbage-first heap   total 112640K, used 37648K [0x00000000a0000000, 0x0000000100000000)
  region size 1024K, 8 young (8192K), 8 survivors (8192K)
 Metaspace       used 42565K, committed 43840K, reserved 1114112K
  class space    used 5916K, committed 6592K, reserved 1048576K
}

